18-Mar-2026 15:02:08.400 INFO [main] org.apache.catalina.startup.VersionLoggerListener.log Server version name:   Apache Tomcat/10.1.52
18-Mar-2026 15:02:08.412 INFO [main] org.apache.catalina.startup.VersionLoggerListener.log Server built:          Jan 23 2026 19:29:07 UTC
18-Mar-2026 15:02:08.413 INFO [main] org.apache.catalina.startup.VersionLoggerListener.log Server version number: 10.1.52.0
18-Mar-2026 15:02:08.413 INFO [main] org.apache.catalina.startup.VersionLoggerListener.log OS Name:               Linux
18-Mar-2026 15:02:08.414 INFO [main] org.apache.catalina.startup.VersionLoggerListener.log OS Version:            6.17.0-14-generic
18-Mar-2026 15:02:08.414 INFO [main] org.apache.catalina.startup.VersionLoggerListener.log Architecture:          amd64
18-Mar-2026 15:02:08.414 INFO [main] org.apache.catalina.startup.VersionLoggerListener.log Java Home:             /usr/lib/jvm/java-21-openjdk-amd64
18-Mar-2026 15:02:08.415 INFO [main] org.apache.catalina.startup.VersionLoggerListener.log JVM Version:           21.0.10+7-Ubuntu-124.04
18-Mar-2026 15:02:08.415 INFO [main] org.apache.catalina.startup.VersionLoggerListener.log JVM Vendor:            Ubuntu
18-Mar-2026 15:02:08.416 INFO [main] org.apache.catalina.startup.VersionLoggerListener.log CATALINA_BASE:         /media/van-nguyen/Ubuntu-2/Code/group-project/SWD_G5_NEW
18-Mar-2026 15:02:08.416 INFO [main] org.apache.catalina.startup.VersionLoggerListener.log CATALINA_HOME:         /home/van-nguyen/tomcat/apache-tomcat-10.1.52
18-Mar-2026 15:02:08.427 INFO [main] org.apache.catalina.startup.VersionLoggerListener.log Command line argument: --add-opens=java.base/java.lang=ALL-UNNAMED
18-Mar-2026 15:02:08.427 INFO [main] org.apache.catalina.startup.VersionLoggerListener.log Command line argument: --add-opens=java.base/java.io=ALL-UNNAMED
18-Mar-2026 15:02:08.428 INFO [main] org.apache.catalina.startup.VersionLoggerListener.log Command line argument: --add-opens=java.base/java.util=ALL-UNNAMED
18-Mar-2026 15:02:08.428 INFO [main] org.apache.catalina.startup.VersionLoggerListener.log Command line argument: --add-opens=java.base/java.util.concurrent=ALL-UNNAMED
18-Mar-2026 15:02:08.428 INFO [main] org.apache.catalina.startup.VersionLoggerListener.log Command line argument: --add-opens=java.rmi/sun.rmi.transport=ALL-UNNAMED
18-Mar-2026 15:02:08.428 INFO [main] org.apache.catalina.startup.VersionLoggerListener.log Command line argument: -Dvpt.db.path=/media/van-nguyen/Ubuntu-2/Code/group-project/SWD_G5_NEW/db_swd.sqlite
18-Mar-2026 15:02:08.428 INFO [main] org.apache.catalina.startup.VersionLoggerListener.log Command line argument: -Dcatalina.home=/home/van-nguyen/tomcat/apache-tomcat-10.1.52
18-Mar-2026 15:02:08.428 INFO [main] org.apache.catalina.startup.VersionLoggerListener.log Command line argument: -Dcatalina.base=/media/van-nguyen/Ubuntu-2/Code/group-project/SWD_G5_NEW
18-Mar-2026 15:02:08.428 INFO [main] org.apache.catalina.startup.VersionLoggerListener.log Command line argument: -Djava.io.tmpdir=/media/van-nguyen/Ubuntu-2/Code/group-project/SWD_G5_NEW/temp
18-Mar-2026 15:02:08.429 INFO [main] org.apache.catalina.startup.VersionLoggerListener.log Command line argument: -Djava.util.logging.config.file=/media/van-nguyen/Ubuntu-2/Code/group-project/SWD_G5_NEW/conf/logging.properties
18-Mar-2026 15:02:08.429 INFO [main] org.apache.catalina.startup.VersionLoggerListener.log Command line argument: -Djava.util.logging.manager=org.apache.juli.ClassLoaderLogManager
18-Mar-2026 15:02:08.429 INFO [main] org.apache.catalina.startup.VersionLoggerListener.log Command line argument: -javaagent:/snap/intellij-idea/50/lib/idea_rt.jar=36075
18-Mar-2026 15:02:08.429 INFO [main] org.apache.catalina.startup.VersionLoggerListener.log Command line argument: -Dfile.encoding=UTF-8
18-Mar-2026 15:02:08.429 INFO [main] org.apache.catalina.startup.VersionLoggerListener.log Command line argument: -Dsun.stdout.encoding=UTF-8
18-Mar-2026 15:02:08.429 INFO [main] org.apache.catalina.startup.VersionLoggerListener.log Command line argument: -Dsun.stderr.encoding=UTF-8
18-Mar-2026 15:02:08.435 INFO [main] org.apache.catalina.core.AprLifecycleListener.lifecycleEvent The Apache Tomcat Native library which allows using OpenSSL was not found on the java.library.path: [/usr/java/packages/lib:/usr/lib/x86_64-linux-gnu/jni:/lib/x86_64-linux-gnu:/usr/lib/x86_64-linux-gnu:/usr/lib/jni:/lib:/usr/lib]
18-Mar-2026 15:02:08.765 INFO [main] org.apache.coyote.AbstractProtocol.init Initializing ProtocolHandler ["http-nio-8080"]
18-Mar-2026 15:02:08.783 INFO [main] org.apache.catalina.startup.Catalina.load Server initialization in [695] milliseconds
18-Mar-2026 15:02:08.828 INFO [main] org.apache.catalina.core.StandardService.startInternal Starting service [Catalina]
18-Mar-2026 15:02:08.828 INFO [main] org.apache.catalina.core.StandardEngine.startInternal Starting Servlet engine: [Apache Tomcat/10.1.52]
18-Mar-2026 15:02:08.836 INFO [main] org.apache.catalina.startup.HostConfig.deployDescriptor Deploying deployment descriptor [/media/van-nguyen/Ubuntu-2/Code/group-project/SWD_G5_NEW/conf/Catalina/localhost/api.xml]
18-Mar-2026 15:02:09.277 INFO [main] org.apache.jasper.servlet.TldScanner.scanJars At least one JAR was scanned for TLDs yet contained no TLDs. Enable debug logging for this logger for a complete list of JARs that were scanned but no TLDs were found in them. Skipping unneeded JARs during scanning can improve startup time and JSP compilation time.
18-Mar-2026 15:02:09.301 INFO [main] org.apache.catalina.startup.HostConfig.deployDescriptor Deployment of deployment descriptor [/media/van-nguyen/Ubuntu-2/Code/group-project/SWD_G5_NEW/conf/Catalina/localhost/api.xml] has finished in [464] ms
18-Mar-2026 15:02:09.302 INFO [main] org.apache.catalina.startup.HostConfig.deployWAR Deploying web application archive [/media/van-nguyen/Ubuntu-2/Code/group-project/SWD_G5_NEW/webapps/demo-servlet.war]
18-Mar-2026 15:02:09.377 INFO [main] org.apache.jasper.servlet.TldScanner.scanJars At least one JAR was scanned for TLDs yet contained no TLDs. Enable debug logging for this logger for a complete list of JARs that were scanned but no TLDs were found in them. Skipping unneeded JARs during scanning can improve startup time and JSP compilation time.
18-Mar-2026 15:02:09.380 INFO [main] org.apache.catalina.startup.HostConfig.deployWAR Deployment of web application archive [/media/van-nguyen/Ubuntu-2/Code/group-project/SWD_G5_NEW/webapps/demo-servlet.war] has finished in [78] ms
18-Mar-2026 15:02:09.385 INFO [main] org.apache.coyote.AbstractProtocol.start Starting ProtocolHandler ["http-nio-8080"]
18-Mar-2026 15:02:09.398 INFO [main] org.apache.catalina.startup.Catalina.start Server startup in [613] milliseconds
18-Mar-2026 15:03:09.847 INFO [Thread-1] org.apache.coyote.AbstractProtocol.pause Pausing ProtocolHandler ["http-nio-8080"]
18-Mar-2026 15:03:09.849 INFO [Thread-1] org.apache.catalina.core.StandardService.stopInternal Stopping service [Catalina]
18-Mar-2026 15:03:09.855 WARNING [Thread-1] org.apache.catalina.loader.WebappClassLoaderBase.clearReferencesJdbc The web application [api] registered the JDBC driver [org.sqlite.JDBC] but failed to unregister it when the web application was stopped. To prevent a memory leak, the JDBC Driver has been forcibly unregistered.
18-Mar-2026 15:03:09.863 INFO [Thread-1] org.apache.coyote.AbstractProtocol.stop Stopping ProtocolHandler ["http-nio-8080"]
18-Mar-2026 15:03:09.874 INFO [Thread-1] org.apache.coyote.AbstractProtocol.destroy Destroying ProtocolHandler ["http-nio-8080"]
