26-Mar-2026 10:12:08.704 INFO [main] org.apache.catalina.startup.VersionLoggerListener.log Server version name:   Apache Tomcat/10.1.52
26-Mar-2026 10:12:08.717 INFO [main] org.apache.catalina.startup.VersionLoggerListener.log Server built:          Jan 23 2026 19:29:07 UTC
26-Mar-2026 10:12:08.718 INFO [main] org.apache.catalina.startup.VersionLoggerListener.log Server version number: 10.1.52.0
26-Mar-2026 10:12:08.719 INFO [main] org.apache.catalina.startup.VersionLoggerListener.log OS Name:               Linux
26-Mar-2026 10:12:08.719 INFO [main] org.apache.catalina.startup.VersionLoggerListener.log OS Version:            6.17.0-14-generic
26-Mar-2026 10:12:08.719 INFO [main] org.apache.catalina.startup.VersionLoggerListener.log Architecture:          amd64
26-Mar-2026 10:12:08.720 INFO [main] org.apache.catalina.startup.VersionLoggerListener.log Java Home:             /usr/lib/jvm/java-21-openjdk-amd64
26-Mar-2026 10:12:08.720 INFO [main] org.apache.catalina.startup.VersionLoggerListener.log JVM Version:           21.0.10+7-Ubuntu-124.04
26-Mar-2026 10:12:08.720 INFO [main] org.apache.catalina.startup.VersionLoggerListener.log JVM Vendor:            Ubuntu
26-Mar-2026 10:12:08.721 INFO [main] org.apache.catalina.startup.VersionLoggerListener.log CATALINA_BASE:         /media/van-nguyen/Ubuntu-2/Code/group-project/SWD_G5_NEW
26-Mar-2026 10:12:08.721 INFO [main] org.apache.catalina.startup.VersionLoggerListener.log CATALINA_HOME:         /home/van-nguyen/tomcat/apache-tomcat-10.1.52
26-Mar-2026 10:12:08.732 INFO [main] org.apache.catalina.startup.VersionLoggerListener.log Command line argument: --add-opens=java.base/java.lang=ALL-UNNAMED
26-Mar-2026 10:12:08.733 INFO [main] org.apache.catalina.startup.VersionLoggerListener.log Command line argument: --add-opens=java.base/java.io=ALL-UNNAMED
26-Mar-2026 10:12:08.733 INFO [main] org.apache.catalina.startup.VersionLoggerListener.log Command line argument: --add-opens=java.base/java.util=ALL-UNNAMED
26-Mar-2026 10:12:08.733 INFO [main] org.apache.catalina.startup.VersionLoggerListener.log Command line argument: --add-opens=java.base/java.util.concurrent=ALL-UNNAMED
26-Mar-2026 10:12:08.733 INFO [main] org.apache.catalina.startup.VersionLoggerListener.log Command line argument: --add-opens=java.rmi/sun.rmi.transport=ALL-UNNAMED
26-Mar-2026 10:12:08.734 INFO [main] org.apache.catalina.startup.VersionLoggerListener.log Command line argument: -Dvpt.db.path=/media/van-nguyen/Ubuntu-2/Code/group-project/SWD_G5_NEW/db_swd.sqlite
26-Mar-2026 10:12:08.734 INFO [main] org.apache.catalina.startup.VersionLoggerListener.log Command line argument: -Dcatalina.home=/home/van-nguyen/tomcat/apache-tomcat-10.1.52
26-Mar-2026 10:12:08.734 INFO [main] org.apache.catalina.startup.VersionLoggerListener.log Command line argument: -Dcatalina.base=/media/van-nguyen/Ubuntu-2/Code/group-project/SWD_G5_NEW
26-Mar-2026 10:12:08.734 INFO [main] org.apache.catalina.startup.VersionLoggerListener.log Command line argument: -Djava.io.tmpdir=/media/van-nguyen/Ubuntu-2/Code/group-project/SWD_G5_NEW/temp
26-Mar-2026 10:12:08.734 INFO [main] org.apache.catalina.startup.VersionLoggerListener.log Command line argument: -Djava.util.logging.config.file=/media/van-nguyen/Ubuntu-2/Code/group-project/SWD_G5_NEW/conf/logging.properties
26-Mar-2026 10:12:08.735 INFO [main] org.apache.catalina.startup.VersionLoggerListener.log Command line argument: -Djava.util.logging.manager=org.apache.juli.ClassLoaderLogManager
26-Mar-2026 10:12:08.735 INFO [main] org.apache.catalina.startup.VersionLoggerListener.log Command line argument: -javaagent:/snap/intellij-idea/54/lib/idea_rt.jar=40071
26-Mar-2026 10:12:08.735 INFO [main] org.apache.catalina.startup.VersionLoggerListener.log Command line argument: -Dfile.encoding=UTF-8
26-Mar-2026 10:12:08.735 INFO [main] org.apache.catalina.startup.VersionLoggerListener.log Command line argument: -Dsun.stdout.encoding=UTF-8
26-Mar-2026 10:12:08.735 INFO [main] org.apache.catalina.startup.VersionLoggerListener.log Command line argument: -Dsun.stderr.encoding=UTF-8
26-Mar-2026 10:12:08.738 INFO [main] org.apache.catalina.core.AprLifecycleListener.lifecycleEvent The Apache Tomcat Native library which allows using OpenSSL was not found on the java.library.path: [/usr/java/packages/lib:/usr/lib/x86_64-linux-gnu/jni:/lib/x86_64-linux-gnu:/usr/lib/x86_64-linux-gnu:/usr/lib/jni:/lib:/usr/lib]
26-Mar-2026 10:12:09.121 INFO [main] org.apache.coyote.AbstractProtocol.init Initializing ProtocolHandler ["http-nio-8080"]
26-Mar-2026 10:12:09.136 INFO [main] org.apache.catalina.startup.Catalina.load Server initialization in [667] milliseconds
26-Mar-2026 10:12:09.170 INFO [main] org.apache.catalina.core.StandardService.startInternal Starting service [Catalina]
26-Mar-2026 10:12:09.170 INFO [main] org.apache.catalina.core.StandardEngine.startInternal Starting Servlet engine: [Apache Tomcat/10.1.52]
26-Mar-2026 10:12:09.179 INFO [main] org.apache.catalina.startup.HostConfig.deployDescriptor Deploying deployment descriptor [/media/van-nguyen/Ubuntu-2/Code/group-project/SWD_G5_NEW/conf/Catalina/localhost/api.xml]
26-Mar-2026 10:12:09.539 INFO [main] org.apache.jasper.servlet.TldScanner.scanJars At least one JAR was scanned for TLDs yet contained no TLDs. Enable debug logging for this logger for a complete list of JARs that were scanned but no TLDs were found in them. Skipping unneeded JARs during scanning can improve startup time and JSP compilation time.
26-Mar-2026 10:12:09.564 INFO [main] org.apache.catalina.startup.HostConfig.deployDescriptor Deployment of deployment descriptor [/media/van-nguyen/Ubuntu-2/Code/group-project/SWD_G5_NEW/conf/Catalina/localhost/api.xml] has finished in [386] ms
26-Mar-2026 10:12:09.565 INFO [main] org.apache.catalina.startup.HostConfig.deployWAR Deploying web application archive [/media/van-nguyen/Ubuntu-2/Code/group-project/SWD_G5_NEW/webapps/demo-servlet.war]
26-Mar-2026 10:12:09.651 INFO [main] org.apache.jasper.servlet.TldScanner.scanJars At least one JAR was scanned for TLDs yet contained no TLDs. Enable debug logging for this logger for a complete list of JARs that were scanned but no TLDs were found in them. Skipping unneeded JARs during scanning can improve startup time and JSP compilation time.
26-Mar-2026 10:12:09.654 INFO [main] org.apache.catalina.startup.HostConfig.deployWAR Deployment of web application archive [/media/van-nguyen/Ubuntu-2/Code/group-project/SWD_G5_NEW/webapps/demo-servlet.war] has finished in [88] ms
26-Mar-2026 10:12:09.657 INFO [main] org.apache.coyote.AbstractProtocol.start Starting ProtocolHandler ["http-nio-8080"]
26-Mar-2026 10:12:09.666 INFO [main] org.apache.catalina.startup.Catalina.start Server startup in [529] milliseconds
