25-Mar-2026 04:53:34.246 INFO [http-nio-8080-exec-9] org.apache.coyote.http11.Http11Processor.service Error parsing HTTP request header
 Note: further occurrences of HTTP request parsing errors will be logged at DEBUG level.
	java.lang.IllegalArgumentException: Invalid character found in method name [0x160x030x010x060xb20x010x000x060xae0x030x03,S0x17&0x050xb0o0x04QFf0x900xcd0x8e0xb3A0x986q0x010x1a0xb20xf10x060xd80x81}0xf50xf10xa1F7 ]. HTTP method names must be tokens
		at org.apache.coyote.http11.Http11InputBuffer.parseRequestLine(Http11InputBuffer.java:402)
		at org.apache.coyote.http11.Http11Processor.service(Http11Processor.java:272)
		at org.apache.coyote.AbstractProcessorLight.process(AbstractProcessorLight.java:63)
		at org.apache.coyote.AbstractProtocol$ConnectionHandler.process(AbstractProtocol.java:903)
		at org.apache.tomcat.util.net.NioEndpoint$SocketProcessor.doRun(NioEndpoint.java:1775)
		at org.apache.tomcat.util.net.SocketProcessorBase.run(SocketProcessorBase.java:52)
		at org.apache.tomcat.util.threads.ThreadPoolExecutor.runWorker(ThreadPoolExecutor.java:973)
		at org.apache.tomcat.util.threads.ThreadPoolExecutor$Worker.run(ThreadPoolExecutor.java:491)
		at org.apache.tomcat.util.threads.TaskThread$WrappingRunnable.run(TaskThread.java:63)
		at java.base/java.lang.Thread.run(Thread.java:1583)
25-Mar-2026 04:53:44.289 INFO [Thread-1] org.apache.coyote.AbstractProtocol.pause Pausing ProtocolHandler ["http-nio-8080"]
25-Mar-2026 04:53:44.291 INFO [Thread-1] org.apache.catalina.core.StandardService.stopInternal Stopping service [Catalina]
25-Mar-2026 04:53:44.299 WARNING [Thread-1] org.apache.catalina.loader.WebappClassLoaderBase.clearReferencesJdbc The web application [api] registered the JDBC driver [org.sqlite.JDBC] but failed to unregister it when the web application was stopped. To prevent a memory leak, the JDBC Driver has been forcibly unregistered.
25-Mar-2026 04:53:44.318 INFO [Thread-1] org.apache.coyote.AbstractProtocol.stop Stopping ProtocolHandler ["http-nio-8080"]
25-Mar-2026 04:53:44.329 INFO [Thread-1] org.apache.coyote.AbstractProtocol.destroy Destroying ProtocolHandler ["http-nio-8080"]
25-Mar-2026 04:53:46.013 INFO [main] org.apache.catalina.startup.VersionLoggerListener.log Server version name:   Apache Tomcat/10.1.52
25-Mar-2026 04:53:46.021 INFO [main] org.apache.catalina.startup.VersionLoggerListener.log Server built:          Jan 23 2026 19:29:07 UTC
25-Mar-2026 04:53:46.022 INFO [main] org.apache.catalina.startup.VersionLoggerListener.log Server version number: 10.1.52.0
25-Mar-2026 04:53:46.022 INFO [main] org.apache.catalina.startup.VersionLoggerListener.log OS Name:               Linux
25-Mar-2026 04:53:46.022 INFO [main] org.apache.catalina.startup.VersionLoggerListener.log OS Version:            6.17.0-14-generic
25-Mar-2026 04:53:46.022 INFO [main] org.apache.catalina.startup.VersionLoggerListener.log Architecture:          amd64
25-Mar-2026 04:53:46.022 INFO [main] org.apache.catalina.startup.VersionLoggerListener.log Java Home:             /usr/lib/jvm/java-21-openjdk-amd64
25-Mar-2026 04:53:46.022 INFO [main] org.apache.catalina.startup.VersionLoggerListener.log JVM Version:           21.0.10+7-Ubuntu-124.04
25-Mar-2026 04:53:46.023 INFO [main] org.apache.catalina.startup.VersionLoggerListener.log JVM Vendor:            Ubuntu
25-Mar-2026 04:53:46.023 INFO [main] org.apache.catalina.startup.VersionLoggerListener.log CATALINA_BASE:         /media/van-nguyen/Ubuntu-2/Code/group-project/SWD_G5_NEW
25-Mar-2026 04:53:46.024 INFO [main] org.apache.catalina.startup.VersionLoggerListener.log CATALINA_HOME:         /home/van-nguyen/tomcat/apache-tomcat-10.1.52
25-Mar-2026 04:53:46.034 INFO [main] org.apache.catalina.startup.VersionLoggerListener.log Command line argument: --add-opens=java.base/java.lang=ALL-UNNAMED
25-Mar-2026 04:53:46.034 INFO [main] org.apache.catalina.startup.VersionLoggerListener.log Command line argument: --add-opens=java.base/java.io=ALL-UNNAMED
25-Mar-2026 04:53:46.034 INFO [main] org.apache.catalina.startup.VersionLoggerListener.log Command line argument: --add-opens=java.base/java.util=ALL-UNNAMED
25-Mar-2026 04:53:46.034 INFO [main] org.apache.catalina.startup.VersionLoggerListener.log Command line argument: --add-opens=java.base/java.util.concurrent=ALL-UNNAMED
25-Mar-2026 04:53:46.034 INFO [main] org.apache.catalina.startup.VersionLoggerListener.log Command line argument: --add-opens=java.rmi/sun.rmi.transport=ALL-UNNAMED
25-Mar-2026 04:53:46.034 INFO [main] org.apache.catalina.startup.VersionLoggerListener.log Command line argument: -Dvpt.db.path=/media/van-nguyen/Ubuntu-2/Code/group-project/SWD_G5_NEW/db_swd.sqlite
25-Mar-2026 04:53:46.035 INFO [main] org.apache.catalina.startup.VersionLoggerListener.log Command line argument: -Dcatalina.home=/home/van-nguyen/tomcat/apache-tomcat-10.1.52
25-Mar-2026 04:53:46.035 INFO [main] org.apache.catalina.startup.VersionLoggerListener.log Command line argument: -Dcatalina.base=/media/van-nguyen/Ubuntu-2/Code/group-project/SWD_G5_NEW
25-Mar-2026 04:53:46.035 INFO [main] org.apache.catalina.startup.VersionLoggerListener.log Command line argument: -Djava.io.tmpdir=/media/van-nguyen/Ubuntu-2/Code/group-project/SWD_G5_NEW/temp
25-Mar-2026 04:53:46.035 INFO [main] org.apache.catalina.startup.VersionLoggerListener.log Command line argument: -Djava.util.logging.config.file=/media/van-nguyen/Ubuntu-2/Code/group-project/SWD_G5_NEW/conf/logging.properties
25-Mar-2026 04:53:46.035 INFO [main] org.apache.catalina.startup.VersionLoggerListener.log Command line argument: -Djava.util.logging.manager=org.apache.juli.ClassLoaderLogManager
25-Mar-2026 04:53:46.036 INFO [main] org.apache.catalina.startup.VersionLoggerListener.log Command line argument: -javaagent:/snap/intellij-idea/50/lib/idea_rt.jar=38687
25-Mar-2026 04:53:46.036 INFO [main] org.apache.catalina.startup.VersionLoggerListener.log Command line argument: -Dfile.encoding=UTF-8
25-Mar-2026 04:53:46.036 INFO [main] org.apache.catalina.startup.VersionLoggerListener.log Command line argument: -Dsun.stdout.encoding=UTF-8
25-Mar-2026 04:53:46.037 INFO [main] org.apache.catalina.startup.VersionLoggerListener.log Command line argument: -Dsun.stderr.encoding=UTF-8
25-Mar-2026 04:53:46.039 INFO [main] org.apache.catalina.core.AprLifecycleListener.lifecycleEvent The Apache Tomcat Native library which allows using OpenSSL was not found on the java.library.path: [/usr/java/packages/lib:/usr/lib/x86_64-linux-gnu/jni:/lib/x86_64-linux-gnu:/usr/lib/x86_64-linux-gnu:/usr/lib/jni:/lib:/usr/lib]
25-Mar-2026 04:53:46.379 INFO [main] org.apache.coyote.AbstractProtocol.init Initializing ProtocolHandler ["http-nio-8080"]
25-Mar-2026 04:53:46.394 INFO [main] org.apache.catalina.startup.Catalina.load Server initialization in [699] milliseconds
25-Mar-2026 04:53:46.434 INFO [main] org.apache.catalina.core.StandardService.startInternal Starting service [Catalina]
25-Mar-2026 04:53:46.434 INFO [main] org.apache.catalina.core.StandardEngine.startInternal Starting Servlet engine: [Apache Tomcat/10.1.52]
25-Mar-2026 04:53:46.442 INFO [main] org.apache.catalina.startup.HostConfig.deployDescriptor Deploying deployment descriptor [/media/van-nguyen/Ubuntu-2/Code/group-project/SWD_G5_NEW/conf/Catalina/localhost/api.xml]
25-Mar-2026 04:53:46.890 INFO [main] org.apache.jasper.servlet.TldScanner.scanJars At least one JAR was scanned for TLDs yet contained no TLDs. Enable debug logging for this logger for a complete list of JARs that were scanned but no TLDs were found in them. Skipping unneeded JARs during scanning can improve startup time and JSP compilation time.
25-Mar-2026 04:53:46.917 INFO [main] org.apache.catalina.startup.HostConfig.deployDescriptor Deployment of deployment descriptor [/media/van-nguyen/Ubuntu-2/Code/group-project/SWD_G5_NEW/conf/Catalina/localhost/api.xml] has finished in [475] ms
25-Mar-2026 04:53:46.918 INFO [main] org.apache.catalina.startup.HostConfig.deployWAR Deploying web application archive [/media/van-nguyen/Ubuntu-2/Code/group-project/SWD_G5_NEW/webapps/demo-servlet.war]
25-Mar-2026 04:53:47.021 INFO [main] org.apache.jasper.servlet.TldScanner.scanJars At least one JAR was scanned for TLDs yet contained no TLDs. Enable debug logging for this logger for a complete list of JARs that were scanned but no TLDs were found in them. Skipping unneeded JARs during scanning can improve startup time and JSP compilation time.
25-Mar-2026 04:53:47.026 INFO [main] org.apache.catalina.startup.HostConfig.deployWAR Deployment of web application archive [/media/van-nguyen/Ubuntu-2/Code/group-project/SWD_G5_NEW/webapps/demo-servlet.war] has finished in [108] ms
25-Mar-2026 04:53:47.032 INFO [main] org.apache.coyote.AbstractProtocol.start Starting ProtocolHandler ["http-nio-8080"]
25-Mar-2026 04:53:47.045 INFO [main] org.apache.catalina.startup.Catalina.start Server startup in [649] milliseconds
25-Mar-2026 04:53:50.300 INFO [http-nio-8080-exec-1] org.apache.coyote.http11.Http11Processor.service Error parsing HTTP request header
 Note: further occurrences of HTTP request parsing errors will be logged at DEBUG level.
	java.lang.IllegalArgumentException: Invalid character found in method name [0x160x030x010x060xd20x010x000x060xce0x030x03q0xf80xfb0xac0x120x100xf50xff0xb00xca)0xc60x1e10xdb@0xffRn0xc10xd2^0xba0x000x86!.k6q0xb1+ ]. HTTP method names must be tokens
		at org.apache.coyote.http11.Http11InputBuffer.parseRequestLine(Http11InputBuffer.java:402)
		at org.apache.coyote.http11.Http11Processor.service(Http11Processor.java:272)
		at org.apache.coyote.AbstractProcessorLight.process(AbstractProcessorLight.java:63)
		at org.apache.coyote.AbstractProtocol$ConnectionHandler.process(AbstractProtocol.java:903)
		at org.apache.tomcat.util.net.NioEndpoint$SocketProcessor.doRun(NioEndpoint.java:1775)
		at org.apache.tomcat.util.net.SocketProcessorBase.run(SocketProcessorBase.java:52)
		at org.apache.tomcat.util.threads.ThreadPoolExecutor.runWorker(ThreadPoolExecutor.java:973)
		at org.apache.tomcat.util.threads.ThreadPoolExecutor$Worker.run(ThreadPoolExecutor.java:491)
		at org.apache.tomcat.util.threads.TaskThread$WrappingRunnable.run(TaskThread.java:63)
		at java.base/java.lang.Thread.run(Thread.java:1583)
25-Mar-2026 04:53:50.331 INFO [http-nio-8080-exec-2] org.apache.coyote.http11.Http11Processor.service Error parsing HTTP request header
 Note: further occurrences of HTTP request parsing errors will be logged at DEBUG level.
	java.lang.IllegalArgumentException: Invalid character found in method name [0x160x030x010x070x120x010x000x070x0e0x030x030x880x9e~..0x010x040xd60xec0x960xb80x0bV0xcb<0x130xe10x190xaf0x100xde0xde$0x81^0xea0x130xa20xc20xf00x140xf6 ]. HTTP method names must be tokens
		at org.apache.coyote.http11.Http11InputBuffer.parseRequestLine(Http11InputBuffer.java:402)
		at org.apache.coyote.http11.Http11Processor.service(Http11Processor.java:272)
		at org.apache.coyote.AbstractProcessorLight.process(AbstractProcessorLight.java:63)
		at org.apache.coyote.AbstractProtocol$ConnectionHandler.process(AbstractProtocol.java:903)
		at org.apache.tomcat.util.net.NioEndpoint$SocketProcessor.doRun(NioEndpoint.java:1775)
		at org.apache.tomcat.util.net.SocketProcessorBase.run(SocketProcessorBase.java:52)
		at org.apache.tomcat.util.threads.ThreadPoolExecutor.runWorker(ThreadPoolExecutor.java:973)
		at org.apache.tomcat.util.threads.ThreadPoolExecutor$Worker.run(ThreadPoolExecutor.java:491)
		at org.apache.tomcat.util.threads.TaskThread$WrappingRunnable.run(TaskThread.java:63)
		at java.base/java.lang.Thread.run(Thread.java:1583)
25-Mar-2026 04:55:15.825 INFO [Thread-1] org.apache.coyote.AbstractProtocol.pause Pausing ProtocolHandler ["http-nio-8080"]
25-Mar-2026 04:55:15.827 INFO [Thread-1] org.apache.catalina.core.StandardService.stopInternal Stopping service [Catalina]
25-Mar-2026 04:55:15.851 INFO [Thread-1] org.apache.coyote.AbstractProtocol.stop Stopping ProtocolHandler ["http-nio-8080"]
25-Mar-2026 04:55:15.864 INFO [Thread-1] org.apache.coyote.AbstractProtocol.destroy Destroying ProtocolHandler ["http-nio-8080"]
25-Mar-2026 04:55:17.583 INFO [main] org.apache.catalina.startup.VersionLoggerListener.log Server version name:   Apache Tomcat/10.1.52
25-Mar-2026 04:55:17.589 INFO [main] org.apache.catalina.startup.VersionLoggerListener.log Server built:          Jan 23 2026 19:29:07 UTC
25-Mar-2026 04:55:17.590 INFO [main] org.apache.catalina.startup.VersionLoggerListener.log Server version number: 10.1.52.0
25-Mar-2026 04:55:17.590 INFO [main] org.apache.catalina.startup.VersionLoggerListener.log OS Name:               Linux
25-Mar-2026 04:55:17.590 INFO [main] org.apache.catalina.startup.VersionLoggerListener.log OS Version:            6.17.0-14-generic
25-Mar-2026 04:55:17.590 INFO [main] org.apache.catalina.startup.VersionLoggerListener.log Architecture:          amd64
25-Mar-2026 04:55:17.590 INFO [main] org.apache.catalina.startup.VersionLoggerListener.log Java Home:             /usr/lib/jvm/java-21-openjdk-amd64
25-Mar-2026 04:55:17.591 INFO [main] org.apache.catalina.startup.VersionLoggerListener.log JVM Version:           21.0.10+7-Ubuntu-124.04
25-Mar-2026 04:55:17.591 INFO [main] org.apache.catalina.startup.VersionLoggerListener.log JVM Vendor:            Ubuntu
25-Mar-2026 04:55:17.591 INFO [main] org.apache.catalina.startup.VersionLoggerListener.log CATALINA_BASE:         /media/van-nguyen/Ubuntu-2/Code/group-project/SWD_G5_NEW
25-Mar-2026 04:55:17.591 INFO [main] org.apache.catalina.startup.VersionLoggerListener.log CATALINA_HOME:         /home/van-nguyen/tomcat/apache-tomcat-10.1.52
25-Mar-2026 04:55:17.603 INFO [main] org.apache.catalina.startup.VersionLoggerListener.log Command line argument: --add-opens=java.base/java.lang=ALL-UNNAMED
25-Mar-2026 04:55:17.603 INFO [main] org.apache.catalina.startup.VersionLoggerListener.log Command line argument: --add-opens=java.base/java.io=ALL-UNNAMED
25-Mar-2026 04:55:17.603 INFO [main] org.apache.catalina.startup.VersionLoggerListener.log Command line argument: --add-opens=java.base/java.util=ALL-UNNAMED
25-Mar-2026 04:55:17.603 INFO [main] org.apache.catalina.startup.VersionLoggerListener.log Command line argument: --add-opens=java.base/java.util.concurrent=ALL-UNNAMED
25-Mar-2026 04:55:17.603 INFO [main] org.apache.catalina.startup.VersionLoggerListener.log Command line argument: --add-opens=java.rmi/sun.rmi.transport=ALL-UNNAMED
25-Mar-2026 04:55:17.604 INFO [main] org.apache.catalina.startup.VersionLoggerListener.log Command line argument: -Dvpt.db.path=/media/van-nguyen/Ubuntu-2/Code/group-project/SWD_G5_NEW/db_swd.sqlite
25-Mar-2026 04:55:17.604 INFO [main] org.apache.catalina.startup.VersionLoggerListener.log Command line argument: -Dcatalina.home=/home/van-nguyen/tomcat/apache-tomcat-10.1.52
25-Mar-2026 04:55:17.604 INFO [main] org.apache.catalina.startup.VersionLoggerListener.log Command line argument: -Dcatalina.base=/media/van-nguyen/Ubuntu-2/Code/group-project/SWD_G5_NEW
25-Mar-2026 04:55:17.604 INFO [main] org.apache.catalina.startup.VersionLoggerListener.log Command line argument: -Djava.io.tmpdir=/media/van-nguyen/Ubuntu-2/Code/group-project/SWD_G5_NEW/temp
25-Mar-2026 04:55:17.604 INFO [main] org.apache.catalina.startup.VersionLoggerListener.log Command line argument: -Djava.util.logging.config.file=/media/van-nguyen/Ubuntu-2/Code/group-project/SWD_G5_NEW/conf/logging.properties
25-Mar-2026 04:55:17.604 INFO [main] org.apache.catalina.startup.VersionLoggerListener.log Command line argument: -Djava.util.logging.manager=org.apache.juli.ClassLoaderLogManager
25-Mar-2026 04:55:17.605 INFO [main] org.apache.catalina.startup.VersionLoggerListener.log Command line argument: -javaagent:/snap/intellij-idea/50/lib/idea_rt.jar=45329
25-Mar-2026 04:55:17.605 INFO [main] org.apache.catalina.startup.VersionLoggerListener.log Command line argument: -Dfile.encoding=UTF-8
25-Mar-2026 04:55:17.605 INFO [main] org.apache.catalina.startup.VersionLoggerListener.log Command line argument: -Dsun.stdout.encoding=UTF-8
25-Mar-2026 04:55:17.605 INFO [main] org.apache.catalina.startup.VersionLoggerListener.log Command line argument: -Dsun.stderr.encoding=UTF-8
25-Mar-2026 04:55:17.607 INFO [main] org.apache.catalina.core.AprLifecycleListener.lifecycleEvent The Apache Tomcat Native library which allows using OpenSSL was not found on the java.library.path: [/usr/java/packages/lib:/usr/lib/x86_64-linux-gnu/jni:/lib/x86_64-linux-gnu:/usr/lib/x86_64-linux-gnu:/usr/lib/jni:/lib:/usr/lib]
25-Mar-2026 04:55:17.986 INFO [main] org.apache.coyote.AbstractProtocol.init Initializing ProtocolHandler ["http-nio-8080"]
25-Mar-2026 04:55:18.004 INFO [main] org.apache.catalina.startup.Catalina.load Server initialization in [725] milliseconds
25-Mar-2026 04:55:18.043 INFO [main] org.apache.catalina.core.StandardService.startInternal Starting service [Catalina]
25-Mar-2026 04:55:18.044 INFO [main] org.apache.catalina.core.StandardEngine.startInternal Starting Servlet engine: [Apache Tomcat/10.1.52]
25-Mar-2026 04:55:18.051 INFO [main] org.apache.catalina.startup.HostConfig.deployDescriptor Deploying deployment descriptor [/media/van-nguyen/Ubuntu-2/Code/group-project/SWD_G5_NEW/conf/Catalina/localhost/api.xml]
25-Mar-2026 04:55:18.546 INFO [main] org.apache.jasper.servlet.TldScanner.scanJars At least one JAR was scanned for TLDs yet contained no TLDs. Enable debug logging for this logger for a complete list of JARs that were scanned but no TLDs were found in them. Skipping unneeded JARs during scanning can improve startup time and JSP compilation time.
25-Mar-2026 04:55:18.575 INFO [main] org.apache.catalina.startup.HostConfig.deployDescriptor Deployment of deployment descriptor [/media/van-nguyen/Ubuntu-2/Code/group-project/SWD_G5_NEW/conf/Catalina/localhost/api.xml] has finished in [523] ms
25-Mar-2026 04:55:18.576 INFO [main] org.apache.catalina.startup.HostConfig.deployWAR Deploying web application archive [/media/van-nguyen/Ubuntu-2/Code/group-project/SWD_G5_NEW/webapps/demo-servlet.war]
25-Mar-2026 04:55:18.693 INFO [main] org.apache.jasper.servlet.TldScanner.scanJars At least one JAR was scanned for TLDs yet contained no TLDs. Enable debug logging for this logger for a complete list of JARs that were scanned but no TLDs were found in them. Skipping unneeded JARs during scanning can improve startup time and JSP compilation time.
25-Mar-2026 04:55:18.696 INFO [main] org.apache.catalina.startup.HostConfig.deployWAR Deployment of web application archive [/media/van-nguyen/Ubuntu-2/Code/group-project/SWD_G5_NEW/webapps/demo-servlet.war] has finished in [120] ms
25-Mar-2026 04:55:18.702 INFO [main] org.apache.coyote.AbstractProtocol.start Starting ProtocolHandler ["http-nio-8080"]
25-Mar-2026 04:55:18.715 INFO [main] org.apache.catalina.startup.Catalina.start Server startup in [710] milliseconds
25-Mar-2026 04:55:42.449 INFO [http-nio-8080-exec-1] org.apache.coyote.http11.Http11Processor.service Error parsing HTTP request header
 Note: further occurrences of HTTP request parsing errors will be logged at DEBUG level.
	java.lang.IllegalArgumentException: Invalid character found in method name [0x160x030x010x070x120x010x000x070x0e0x030x030x900xac0xfc0x94$0x980xae0xbf0x8d;0xe78;U0xc70xdf0xeb0x180x810xfa0x040x930xb4%0xc51e0xa50x010x990xf0, ]. HTTP method names must be tokens
		at org.apache.coyote.http11.Http11InputBuffer.parseRequestLine(Http11InputBuffer.java:402)
		at org.apache.coyote.http11.Http11Processor.service(Http11Processor.java:272)
		at org.apache.coyote.AbstractProcessorLight.process(AbstractProcessorLight.java:63)
		at org.apache.coyote.AbstractProtocol$ConnectionHandler.process(AbstractProtocol.java:903)
		at org.apache.tomcat.util.net.NioEndpoint$SocketProcessor.doRun(NioEndpoint.java:1775)
		at org.apache.tomcat.util.net.SocketProcessorBase.run(SocketProcessorBase.java:52)
		at org.apache.tomcat.util.threads.ThreadPoolExecutor.runWorker(ThreadPoolExecutor.java:973)
		at org.apache.tomcat.util.threads.ThreadPoolExecutor$Worker.run(ThreadPoolExecutor.java:491)
		at org.apache.tomcat.util.threads.TaskThread$WrappingRunnable.run(TaskThread.java:63)
		at java.base/java.lang.Thread.run(Thread.java:1583)
25-Mar-2026 04:55:42.481 INFO [http-nio-8080-exec-2] org.apache.coyote.http11.Http11Processor.service Error parsing HTTP request header
 Note: further occurrences of HTTP request parsing errors will be logged at DEBUG level.
	java.lang.IllegalArgumentException: Invalid character found in method name [0x160x030x010x060xd20x010x000x060xce0x030x03j]r]H0x170xda0x9el0x07C0x98M3\<0x840x1970xbb(0xe5%0xe30x9f0xecq0xe7>{0xb4= ]. HTTP method names must be tokens
		at org.apache.coyote.http11.Http11InputBuffer.parseRequestLine(Http11InputBuffer.java:402)
		at org.apache.coyote.http11.Http11Processor.service(Http11Processor.java:272)
		at org.apache.coyote.AbstractProcessorLight.process(AbstractProcessorLight.java:63)
		at org.apache.coyote.AbstractProtocol$ConnectionHandler.process(AbstractProtocol.java:903)
		at org.apache.tomcat.util.net.NioEndpoint$SocketProcessor.doRun(NioEndpoint.java:1775)
		at org.apache.tomcat.util.net.SocketProcessorBase.run(SocketProcessorBase.java:52)
		at org.apache.tomcat.util.threads.ThreadPoolExecutor.runWorker(ThreadPoolExecutor.java:973)
		at org.apache.tomcat.util.threads.ThreadPoolExecutor$Worker.run(ThreadPoolExecutor.java:491)
		at org.apache.tomcat.util.threads.TaskThread$WrappingRunnable.run(TaskThread.java:63)
		at java.base/java.lang.Thread.run(Thread.java:1583)
25-Mar-2026 14:41:53.328 INFO [Thread-1] org.apache.coyote.AbstractProtocol.pause Pausing ProtocolHandler ["http-nio-8080"]
25-Mar-2026 14:41:53.338 INFO [Thread-1] org.apache.catalina.core.StandardService.stopInternal Stopping service [Catalina]
25-Mar-2026 14:41:53.372 WARNING [Thread-1] org.apache.catalina.loader.WebappClassLoaderBase.clearReferencesJdbc The web application [api] registered the JDBC driver [org.sqlite.JDBC] but failed to unregister it when the web application was stopped. To prevent a memory leak, the JDBC Driver has been forcibly unregistered.
25-Mar-2026 14:41:53.402 INFO [Thread-1] org.apache.coyote.AbstractProtocol.stop Stopping ProtocolHandler ["http-nio-8080"]
25-Mar-2026 14:41:53.441 INFO [Thread-1] org.apache.coyote.AbstractProtocol.destroy Destroying ProtocolHandler ["http-nio-8080"]
25-Mar-2026 15:51:07.429 INFO [main] org.apache.catalina.startup.VersionLoggerListener.log Server version name:   Apache Tomcat/10.1.52
25-Mar-2026 15:51:07.437 INFO [main] org.apache.catalina.startup.VersionLoggerListener.log Server built:          Jan 23 2026 19:29:07 UTC
25-Mar-2026 15:51:07.437 INFO [main] org.apache.catalina.startup.VersionLoggerListener.log Server version number: 10.1.52.0
25-Mar-2026 15:51:07.437 INFO [main] org.apache.catalina.startup.VersionLoggerListener.log OS Name:               Linux
25-Mar-2026 15:51:07.438 INFO [main] org.apache.catalina.startup.VersionLoggerListener.log OS Version:            6.17.0-14-generic
25-Mar-2026 15:51:07.438 INFO [main] org.apache.catalina.startup.VersionLoggerListener.log Architecture:          amd64
25-Mar-2026 15:51:07.438 INFO [main] org.apache.catalina.startup.VersionLoggerListener.log Java Home:             /usr/lib/jvm/java-21-openjdk-amd64
25-Mar-2026 15:51:07.438 INFO [main] org.apache.catalina.startup.VersionLoggerListener.log JVM Version:           21.0.10+7-Ubuntu-124.04
25-Mar-2026 15:51:07.438 INFO [main] org.apache.catalina.startup.VersionLoggerListener.log JVM Vendor:            Ubuntu
25-Mar-2026 15:51:07.439 INFO [main] org.apache.catalina.startup.VersionLoggerListener.log CATALINA_BASE:         /media/van-nguyen/Ubuntu-2/Code/group-project/SWD_G5_NEW
25-Mar-2026 15:51:07.439 INFO [main] org.apache.catalina.startup.VersionLoggerListener.log CATALINA_HOME:         /home/van-nguyen/tomcat/apache-tomcat-10.1.52
25-Mar-2026 15:51:07.447 INFO [main] org.apache.catalina.startup.VersionLoggerListener.log Command line argument: --add-opens=java.base/java.lang=ALL-UNNAMED
25-Mar-2026 15:51:07.447 INFO [main] org.apache.catalina.startup.VersionLoggerListener.log Command line argument: --add-opens=java.base/java.io=ALL-UNNAMED
25-Mar-2026 15:51:07.447 INFO [main] org.apache.catalina.startup.VersionLoggerListener.log Command line argument: --add-opens=java.base/java.util=ALL-UNNAMED
25-Mar-2026 15:51:07.447 INFO [main] org.apache.catalina.startup.VersionLoggerListener.log Command line argument: --add-opens=java.base/java.util.concurrent=ALL-UNNAMED
25-Mar-2026 15:51:07.448 INFO [main] org.apache.catalina.startup.VersionLoggerListener.log Command line argument: --add-opens=java.rmi/sun.rmi.transport=ALL-UNNAMED
25-Mar-2026 15:51:07.448 INFO [main] org.apache.catalina.startup.VersionLoggerListener.log Command line argument: -Dvpt.db.path=/media/van-nguyen/Ubuntu-2/Code/group-project/SWD_G5_NEW/db_swd.sqlite
25-Mar-2026 15:51:07.448 INFO [main] org.apache.catalina.startup.VersionLoggerListener.log Command line argument: -Dcatalina.home=/home/van-nguyen/tomcat/apache-tomcat-10.1.52
25-Mar-2026 15:51:07.448 INFO [main] org.apache.catalina.startup.VersionLoggerListener.log Command line argument: -Dcatalina.base=/media/van-nguyen/Ubuntu-2/Code/group-project/SWD_G5_NEW
25-Mar-2026 15:51:07.448 INFO [main] org.apache.catalina.startup.VersionLoggerListener.log Command line argument: -Djava.io.tmpdir=/media/van-nguyen/Ubuntu-2/Code/group-project/SWD_G5_NEW/temp
25-Mar-2026 15:51:07.449 INFO [main] org.apache.catalina.startup.VersionLoggerListener.log Command line argument: -Djava.util.logging.config.file=/media/van-nguyen/Ubuntu-2/Code/group-project/SWD_G5_NEW/conf/logging.properties
25-Mar-2026 15:51:07.449 INFO [main] org.apache.catalina.startup.VersionLoggerListener.log Command line argument: -Djava.util.logging.manager=org.apache.juli.ClassLoaderLogManager
25-Mar-2026 15:51:07.449 INFO [main] org.apache.catalina.startup.VersionLoggerListener.log Command line argument: -javaagent:/snap/intellij-idea/50/lib/idea_rt.jar=37987
25-Mar-2026 15:51:07.449 INFO [main] org.apache.catalina.startup.VersionLoggerListener.log Command line argument: -Dfile.encoding=UTF-8
25-Mar-2026 15:51:07.449 INFO [main] org.apache.catalina.startup.VersionLoggerListener.log Command line argument: -Dsun.stdout.encoding=UTF-8
25-Mar-2026 15:51:07.450 INFO [main] org.apache.catalina.startup.VersionLoggerListener.log Command line argument: -Dsun.stderr.encoding=UTF-8
25-Mar-2026 15:51:07.453 INFO [main] org.apache.catalina.core.AprLifecycleListener.lifecycleEvent The Apache Tomcat Native library which allows using OpenSSL was not found on the java.library.path: [/usr/java/packages/lib:/usr/lib/x86_64-linux-gnu/jni:/lib/x86_64-linux-gnu:/usr/lib/x86_64-linux-gnu:/usr/lib/jni:/lib:/usr/lib]
25-Mar-2026 15:51:07.866 INFO [main] org.apache.coyote.AbstractProtocol.init Initializing ProtocolHandler ["http-nio-8080"]
25-Mar-2026 15:51:07.888 INFO [main] org.apache.catalina.startup.Catalina.load Server initialization in [692] milliseconds
25-Mar-2026 15:51:07.928 INFO [main] org.apache.catalina.core.StandardService.startInternal Starting service [Catalina]
25-Mar-2026 15:51:07.928 INFO [main] org.apache.catalina.core.StandardEngine.startInternal Starting Servlet engine: [Apache Tomcat/10.1.52]
25-Mar-2026 15:51:07.936 INFO [main] org.apache.catalina.startup.HostConfig.deployDescriptor Deploying deployment descriptor [/media/van-nguyen/Ubuntu-2/Code/group-project/SWD_G5_NEW/conf/Catalina/localhost/api.xml]
25-Mar-2026 15:51:08.386 INFO [main] org.apache.jasper.servlet.TldScanner.scanJars At least one JAR was scanned for TLDs yet contained no TLDs. Enable debug logging for this logger for a complete list of JARs that were scanned but no TLDs were found in them. Skipping unneeded JARs during scanning can improve startup time and JSP compilation time.
25-Mar-2026 15:51:08.412 INFO [main] org.apache.catalina.startup.HostConfig.deployDescriptor Deployment of deployment descriptor [/media/van-nguyen/Ubuntu-2/Code/group-project/SWD_G5_NEW/conf/Catalina/localhost/api.xml] has finished in [475] ms
25-Mar-2026 15:51:08.413 INFO [main] org.apache.catalina.startup.HostConfig.deployWAR Deploying web application archive [/media/van-nguyen/Ubuntu-2/Code/group-project/SWD_G5_NEW/webapps/demo-servlet.war]
25-Mar-2026 15:51:08.487 INFO [main] org.apache.jasper.servlet.TldScanner.scanJars At least one JAR was scanned for TLDs yet contained no TLDs. Enable debug logging for this logger for a complete list of JARs that were scanned but no TLDs were found in them. Skipping unneeded JARs during scanning can improve startup time and JSP compilation time.
25-Mar-2026 15:51:08.489 INFO [main] org.apache.catalina.startup.HostConfig.deployWAR Deployment of web application archive [/media/van-nguyen/Ubuntu-2/Code/group-project/SWD_G5_NEW/webapps/demo-servlet.war] has finished in [76] ms
25-Mar-2026 15:51:08.493 INFO [main] org.apache.coyote.AbstractProtocol.start Starting ProtocolHandler ["http-nio-8080"]
25-Mar-2026 15:51:08.502 INFO [main] org.apache.catalina.startup.Catalina.start Server startup in [612] milliseconds
25-Mar-2026 16:33:47.549 INFO [Thread-1] org.apache.coyote.AbstractProtocol.pause Pausing ProtocolHandler ["http-nio-8080"]
25-Mar-2026 16:33:47.551 INFO [Thread-1] org.apache.catalina.core.StandardService.stopInternal Stopping service [Catalina]
25-Mar-2026 16:33:47.559 WARNING [Thread-1] org.apache.catalina.loader.WebappClassLoaderBase.clearReferencesJdbc The web application [api] registered the JDBC driver [org.sqlite.JDBC] but failed to unregister it when the web application was stopped. To prevent a memory leak, the JDBC Driver has been forcibly unregistered.
25-Mar-2026 16:33:47.571 INFO [Thread-1] org.apache.coyote.AbstractProtocol.stop Stopping ProtocolHandler ["http-nio-8080"]
25-Mar-2026 16:33:47.576 INFO [Thread-1] org.apache.coyote.AbstractProtocol.destroy Destroying ProtocolHandler ["http-nio-8080"]
25-Mar-2026 16:34:08.816 INFO [main] org.apache.catalina.startup.VersionLoggerListener.log Server version name:   Apache Tomcat/10.1.52
25-Mar-2026 16:34:08.825 INFO [main] org.apache.catalina.startup.VersionLoggerListener.log Server built:          Jan 23 2026 19:29:07 UTC
25-Mar-2026 16:34:08.825 INFO [main] org.apache.catalina.startup.VersionLoggerListener.log Server version number: 10.1.52.0
25-Mar-2026 16:34:08.826 INFO [main] org.apache.catalina.startup.VersionLoggerListener.log OS Name:               Linux
25-Mar-2026 16:34:08.826 INFO [main] org.apache.catalina.startup.VersionLoggerListener.log OS Version:            6.17.0-14-generic
25-Mar-2026 16:34:08.826 INFO [main] org.apache.catalina.startup.VersionLoggerListener.log Architecture:          amd64
25-Mar-2026 16:34:08.826 INFO [main] org.apache.catalina.startup.VersionLoggerListener.log Java Home:             /usr/lib/jvm/java-21-openjdk-amd64
25-Mar-2026 16:34:08.826 INFO [main] org.apache.catalina.startup.VersionLoggerListener.log JVM Version:           21.0.10+7-Ubuntu-124.04
25-Mar-2026 16:34:08.827 INFO [main] org.apache.catalina.startup.VersionLoggerListener.log JVM Vendor:            Ubuntu
25-Mar-2026 16:34:08.827 INFO [main] org.apache.catalina.startup.VersionLoggerListener.log CATALINA_BASE:         /media/van-nguyen/Ubuntu-2/Code/group-project/SWD_G5_NEW
25-Mar-2026 16:34:08.827 INFO [main] org.apache.catalina.startup.VersionLoggerListener.log CATALINA_HOME:         /home/van-nguyen/tomcat/apache-tomcat-10.1.52
25-Mar-2026 16:34:08.836 INFO [main] org.apache.catalina.startup.VersionLoggerListener.log Command line argument: --add-opens=java.base/java.lang=ALL-UNNAMED
25-Mar-2026 16:34:08.837 INFO [main] org.apache.catalina.startup.VersionLoggerListener.log Command line argument: --add-opens=java.base/java.io=ALL-UNNAMED
25-Mar-2026 16:34:08.837 INFO [main] org.apache.catalina.startup.VersionLoggerListener.log Command line argument: --add-opens=java.base/java.util=ALL-UNNAMED
25-Mar-2026 16:34:08.837 INFO [main] org.apache.catalina.startup.VersionLoggerListener.log Command line argument: --add-opens=java.base/java.util.concurrent=ALL-UNNAMED
25-Mar-2026 16:34:08.837 INFO [main] org.apache.catalina.startup.VersionLoggerListener.log Command line argument: --add-opens=java.rmi/sun.rmi.transport=ALL-UNNAMED
25-Mar-2026 16:34:08.837 INFO [main] org.apache.catalina.startup.VersionLoggerListener.log Command line argument: -Dvpt.db.path=/media/van-nguyen/Ubuntu-2/Code/group-project/SWD_G5_NEW/db_swd.sqlite
25-Mar-2026 16:34:08.837 INFO [main] org.apache.catalina.startup.VersionLoggerListener.log Command line argument: -Dcatalina.home=/home/van-nguyen/tomcat/apache-tomcat-10.1.52
25-Mar-2026 16:34:08.837 INFO [main] org.apache.catalina.startup.VersionLoggerListener.log Command line argument: -Dcatalina.base=/media/van-nguyen/Ubuntu-2/Code/group-project/SWD_G5_NEW
25-Mar-2026 16:34:08.838 INFO [main] org.apache.catalina.startup.VersionLoggerListener.log Command line argument: -Djava.io.tmpdir=/media/van-nguyen/Ubuntu-2/Code/group-project/SWD_G5_NEW/temp
25-Mar-2026 16:34:08.838 INFO [main] org.apache.catalina.startup.VersionLoggerListener.log Command line argument: -Djava.util.logging.config.file=/media/van-nguyen/Ubuntu-2/Code/group-project/SWD_G5_NEW/conf/logging.properties
25-Mar-2026 16:34:08.838 INFO [main] org.apache.catalina.startup.VersionLoggerListener.log Command line argument: -Djava.util.logging.manager=org.apache.juli.ClassLoaderLogManager
25-Mar-2026 16:34:08.838 INFO [main] org.apache.catalina.startup.VersionLoggerListener.log Command line argument: -javaagent:/snap/intellij-idea/50/lib/idea_rt.jar=34703
25-Mar-2026 16:34:08.838 INFO [main] org.apache.catalina.startup.VersionLoggerListener.log Command line argument: -Dfile.encoding=UTF-8
25-Mar-2026 16:34:08.839 INFO [main] org.apache.catalina.startup.VersionLoggerListener.log Command line argument: -Dsun.stdout.encoding=UTF-8
25-Mar-2026 16:34:08.839 INFO [main] org.apache.catalina.startup.VersionLoggerListener.log Command line argument: -Dsun.stderr.encoding=UTF-8
25-Mar-2026 16:34:08.841 INFO [main] org.apache.catalina.core.AprLifecycleListener.lifecycleEvent The Apache Tomcat Native library which allows using OpenSSL was not found on the java.library.path: [/usr/java/packages/lib:/usr/lib/x86_64-linux-gnu/jni:/lib/x86_64-linux-gnu:/usr/lib/x86_64-linux-gnu:/usr/lib/jni:/lib:/usr/lib]
25-Mar-2026 16:34:09.242 INFO [main] org.apache.coyote.AbstractProtocol.init Initializing ProtocolHandler ["http-nio-8080"]
25-Mar-2026 16:34:09.259 INFO [main] org.apache.catalina.startup.Catalina.load Server initialization in [702] milliseconds
25-Mar-2026 16:34:09.303 INFO [main] org.apache.catalina.core.StandardService.startInternal Starting service [Catalina]
25-Mar-2026 16:34:09.303 INFO [main] org.apache.catalina.core.StandardEngine.startInternal Starting Servlet engine: [Apache Tomcat/10.1.52]
25-Mar-2026 16:34:09.312 INFO [main] org.apache.catalina.startup.HostConfig.deployDescriptor Deploying deployment descriptor [/media/van-nguyen/Ubuntu-2/Code/group-project/SWD_G5_NEW/conf/Catalina/localhost/api.xml]
25-Mar-2026 16:34:09.793 INFO [main] org.apache.jasper.servlet.TldScanner.scanJars At least one JAR was scanned for TLDs yet contained no TLDs. Enable debug logging for this logger for a complete list of JARs that were scanned but no TLDs were found in them. Skipping unneeded JARs during scanning can improve startup time and JSP compilation time.
25-Mar-2026 16:34:09.821 INFO [main] org.apache.catalina.startup.HostConfig.deployDescriptor Deployment of deployment descriptor [/media/van-nguyen/Ubuntu-2/Code/group-project/SWD_G5_NEW/conf/Catalina/localhost/api.xml] has finished in [509] ms
25-Mar-2026 16:34:09.823 INFO [main] org.apache.catalina.startup.HostConfig.deployWAR Deploying web application archive [/media/van-nguyen/Ubuntu-2/Code/group-project/SWD_G5_NEW/webapps/demo-servlet.war]
25-Mar-2026 16:34:09.922 INFO [main] org.apache.jasper.servlet.TldScanner.scanJars At least one JAR was scanned for TLDs yet contained no TLDs. Enable debug logging for this logger for a complete list of JARs that were scanned but no TLDs were found in them. Skipping unneeded JARs during scanning can improve startup time and JSP compilation time.
25-Mar-2026 16:34:09.927 INFO [main] org.apache.catalina.startup.HostConfig.deployWAR Deployment of web application archive [/media/van-nguyen/Ubuntu-2/Code/group-project/SWD_G5_NEW/webapps/demo-servlet.war] has finished in [104] ms
25-Mar-2026 16:34:09.934 INFO [main] org.apache.coyote.AbstractProtocol.start Starting ProtocolHandler ["http-nio-8080"]
25-Mar-2026 16:34:09.944 INFO [main] org.apache.catalina.startup.Catalina.start Server startup in [684] milliseconds
25-Mar-2026 16:40:19.827 INFO [Thread-1] org.apache.coyote.AbstractProtocol.pause Pausing ProtocolHandler ["http-nio-8080"]
25-Mar-2026 16:40:19.830 INFO [Thread-1] org.apache.catalina.core.StandardService.stopInternal Stopping service [Catalina]
25-Mar-2026 16:40:19.838 WARNING [Thread-1] org.apache.catalina.loader.WebappClassLoaderBase.clearReferencesJdbc The web application [api] registered the JDBC driver [org.sqlite.JDBC] but failed to unregister it when the web application was stopped. To prevent a memory leak, the JDBC Driver has been forcibly unregistered.
25-Mar-2026 16:40:19.849 INFO [Thread-1] org.apache.coyote.AbstractProtocol.stop Stopping ProtocolHandler ["http-nio-8080"]
25-Mar-2026 16:40:19.855 INFO [Thread-1] org.apache.coyote.AbstractProtocol.destroy Destroying ProtocolHandler ["http-nio-8080"]
