27-Mar-2026 08:53:12.500 INFO [Thread-1] org.apache.coyote.AbstractProtocol.pause Pausing ProtocolHandler ["http-nio-8080"]
27-Mar-2026 08:53:12.502 INFO [Thread-1] org.apache.catalina.core.StandardService.stopInternal Stopping service [Catalina]
27-Mar-2026 08:53:12.513 INFO [Thread-1] org.apache.coyote.AbstractProtocol.stop Stopping ProtocolHandler ["http-nio-8080"]
27-Mar-2026 08:53:12.527 INFO [Thread-1] org.apache.coyote.AbstractProtocol.destroy Destroying ProtocolHandler ["http-nio-8080"]
27-Mar-2026 09:29:23.703 INFO [main] org.apache.catalina.startup.VersionLoggerListener.log Server version name:   Apache Tomcat/10.1.52
27-Mar-2026 09:29:23.706 INFO [main] org.apache.catalina.startup.VersionLoggerListener.log Server built:          Jan 23 2026 19:29:07 UTC
27-Mar-2026 09:29:23.706 INFO [main] org.apache.catalina.startup.VersionLoggerListener.log Server version number: 10.1.52.0
27-Mar-2026 09:29:23.706 INFO [main] org.apache.catalina.startup.VersionLoggerListener.log OS Name:               Linux
27-Mar-2026 09:29:23.706 INFO [main] org.apache.catalina.startup.VersionLoggerListener.log OS Version:            6.17.0-14-generic
27-Mar-2026 09:29:23.707 INFO [main] org.apache.catalina.startup.VersionLoggerListener.log Architecture:          amd64
27-Mar-2026 09:29:23.707 INFO [main] org.apache.catalina.startup.VersionLoggerListener.log Java Home:             /usr/lib/jvm/java-21-openjdk-amd64
27-Mar-2026 09:29:23.707 INFO [main] org.apache.catalina.startup.VersionLoggerListener.log JVM Version:           21.0.10+7-Ubuntu-124.04
27-Mar-2026 09:29:23.707 INFO [main] org.apache.catalina.startup.VersionLoggerListener.log JVM Vendor:            Ubuntu
27-Mar-2026 09:29:23.707 INFO [main] org.apache.catalina.startup.VersionLoggerListener.log CATALINA_BASE:         /media/van-nguyen/Ubuntu-2/Code/group-project/SWD_G5_NEW
27-Mar-2026 09:29:23.707 INFO [main] org.apache.catalina.startup.VersionLoggerListener.log CATALINA_HOME:         /home/van-nguyen/tomcat/apache-tomcat-10.1.52
27-Mar-2026 09:29:23.712 INFO [main] org.apache.catalina.startup.VersionLoggerListener.log Command line argument: --add-opens=java.base/java.lang=ALL-UNNAMED
27-Mar-2026 09:29:23.712 INFO [main] org.apache.catalina.startup.VersionLoggerListener.log Command line argument: --add-opens=java.base/java.io=ALL-UNNAMED
27-Mar-2026 09:29:23.712 INFO [main] org.apache.catalina.startup.VersionLoggerListener.log Command line argument: --add-opens=java.base/java.util=ALL-UNNAMED
27-Mar-2026 09:29:23.712 INFO [main] org.apache.catalina.startup.VersionLoggerListener.log Command line argument: --add-opens=java.base/java.util.concurrent=ALL-UNNAMED
27-Mar-2026 09:29:23.712 INFO [main] org.apache.catalina.startup.VersionLoggerListener.log Command line argument: --add-opens=java.rmi/sun.rmi.transport=ALL-UNNAMED
27-Mar-2026 09:29:23.712 INFO [main] org.apache.catalina.startup.VersionLoggerListener.log Command line argument: -Dvpt.db.path=/media/van-nguyen/Ubuntu-2/Code/group-project/SWD_G5_NEW/db_swd.sqlite
27-Mar-2026 09:29:23.712 INFO [main] org.apache.catalina.startup.VersionLoggerListener.log Command line argument: -Dcatalina.home=/home/van-nguyen/tomcat/apache-tomcat-10.1.52
27-Mar-2026 09:29:23.712 INFO [main] org.apache.catalina.startup.VersionLoggerListener.log Command line argument: -Dcatalina.base=/media/van-nguyen/Ubuntu-2/Code/group-project/SWD_G5_NEW
27-Mar-2026 09:29:23.712 INFO [main] org.apache.catalina.startup.VersionLoggerListener.log Command line argument: -Djava.io.tmpdir=/media/van-nguyen/Ubuntu-2/Code/group-project/SWD_G5_NEW/temp
27-Mar-2026 09:29:23.713 INFO [main] org.apache.catalina.startup.VersionLoggerListener.log Command line argument: -Djava.util.logging.config.file=/media/van-nguyen/Ubuntu-2/Code/group-project/SWD_G5_NEW/conf/logging.properties
27-Mar-2026 09:29:23.713 INFO [main] org.apache.catalina.startup.VersionLoggerListener.log Command line argument: -Djava.util.logging.manager=org.apache.juli.ClassLoaderLogManager
27-Mar-2026 09:29:23.713 INFO [main] org.apache.catalina.startup.VersionLoggerListener.log Command line argument: -javaagent:/snap/intellij-idea/54/lib/idea_rt.jar=37255
27-Mar-2026 09:29:23.713 INFO [main] org.apache.catalina.startup.VersionLoggerListener.log Command line argument: -Dfile.encoding=UTF-8
27-Mar-2026 09:29:23.713 INFO [main] org.apache.catalina.startup.VersionLoggerListener.log Command line argument: -Dsun.stdout.encoding=UTF-8
27-Mar-2026 09:29:23.713 INFO [main] org.apache.catalina.startup.VersionLoggerListener.log Command line argument: -Dsun.stderr.encoding=UTF-8
27-Mar-2026 09:29:23.714 INFO [main] org.apache.catalina.core.AprLifecycleListener.lifecycleEvent The Apache Tomcat Native library which allows using OpenSSL was not found on the java.library.path: [/usr/java/packages/lib:/usr/lib/x86_64-linux-gnu/jni:/lib/x86_64-linux-gnu:/usr/lib/x86_64-linux-gnu:/usr/lib/jni:/lib:/usr/lib]
27-Mar-2026 09:29:23.864 INFO [main] org.apache.coyote.AbstractProtocol.init Initializing ProtocolHandler ["http-nio-8080"]
27-Mar-2026 09:29:23.875 INFO [main] org.apache.catalina.startup.Catalina.load Server initialization in [286] milliseconds
27-Mar-2026 09:29:23.901 INFO [main] org.apache.catalina.core.StandardService.startInternal Starting service [Catalina]
27-Mar-2026 09:29:23.902 INFO [main] org.apache.catalina.core.StandardEngine.startInternal Starting Servlet engine: [Apache Tomcat/10.1.52]
27-Mar-2026 09:29:23.907 INFO [main] org.apache.catalina.startup.HostConfig.deployDescriptor Deploying deployment descriptor [/media/van-nguyen/Ubuntu-2/Code/group-project/SWD_G5_NEW/conf/Catalina/localhost/api.xml]
27-Mar-2026 09:29:24.147 INFO [main] org.apache.jasper.servlet.TldScanner.scanJars At least one JAR was scanned for TLDs yet contained no TLDs. Enable debug logging for this logger for a complete list of JARs that were scanned but no TLDs were found in them. Skipping unneeded JARs during scanning can improve startup time and JSP compilation time.
27-Mar-2026 09:29:24.163 INFO [main] org.apache.catalina.startup.HostConfig.deployDescriptor Deployment of deployment descriptor [/media/van-nguyen/Ubuntu-2/Code/group-project/SWD_G5_NEW/conf/Catalina/localhost/api.xml] has finished in [256] ms
27-Mar-2026 09:29:24.164 INFO [main] org.apache.catalina.startup.HostConfig.deployWAR Deploying web application archive [/media/van-nguyen/Ubuntu-2/Code/group-project/SWD_G5_NEW/webapps/demo-servlet.war]
27-Mar-2026 09:29:24.213 INFO [main] org.apache.jasper.servlet.TldScanner.scanJars At least one JAR was scanned for TLDs yet contained no TLDs. Enable debug logging for this logger for a complete list of JARs that were scanned but no TLDs were found in them. Skipping unneeded JARs during scanning can improve startup time and JSP compilation time.
27-Mar-2026 09:29:24.214 INFO [main] org.apache.catalina.startup.HostConfig.deployWAR Deployment of web application archive [/media/van-nguyen/Ubuntu-2/Code/group-project/SWD_G5_NEW/webapps/demo-servlet.war] has finished in [50] ms
27-Mar-2026 09:29:24.216 INFO [main] org.apache.coyote.AbstractProtocol.start Starting ProtocolHandler ["http-nio-8080"]
27-Mar-2026 09:29:24.222 INFO [main] org.apache.catalina.startup.Catalina.start Server startup in [346] milliseconds
